<?xml version="1.0" encoding="UTF-8"?>
<testng-results skipped="0" failed="0" total="2" passed="2">
  <reporter-output>
  </reporter-output>
  <suite name="Suite" duration-ms="50390" started-at="2016-03-17T09:27:44Z" finished-at="2016-03-17T09:28:35Z">
    <groups>
    </groups>
    <test name="Test" duration-ms="50390" started-at="2016-03-17T09:27:44Z" finished-at="2016-03-17T09:28:35Z">
      <class name="com.inforcepro.app.logincheck">
        <test-method status="PASS" signature="checkingtestserverworking()[pri:0, instance:com.inforcepro.app.logincheck@58ceff1]" name="checkingtestserverworking" duration-ms="34629" started-at="2016-03-17T14:57:44Z" finished-at="2016-03-17T14:58:19Z">
          <reporter-output>
          </reporter-output>
        </test-method> <!-- checkingtestserverworking -->
        <test-method status="PASS" signature="Checkingloginworking()[pri:0, instance:com.inforcepro.app.logincheck@58ceff1]" name="Checkingloginworking" duration-ms="15730" started-at="2016-03-17T14:58:19Z" finished-at="2016-03-17T14:58:35Z">
          <reporter-output>
          </reporter-output>
        </test-method> <!-- Checkingloginworking -->
      </class> <!-- com.inforcepro.app.logincheck -->
    </test> <!-- Test -->
  </suite> <!-- Suite -->
</testng-results>
